<?xml version='1.0' encoding='UTF-8'?>
<projects>
  <project name="easternmoose">
    <url>git@github.com:desertedscorpion/easternmoose.git</url>
  </project>
</projects>
