<?xml version='1.0' encoding='UTF-8'?>
<projects>
  <project name="easternmoose">
    <url>git@github.com:desertedscorpion/easternmoose.git</url>
    <cron>H H * * *</cron>
  </project>
  <project name="needlessbeta">
    <url>git@github.com:desertedscorpion/needlessbeta.git</url>
    <cron>H H * * *</cron>
  </project>
</projects>
